#
# There is insufficient memory for the Java Runtime Environment to continue.
# Native memory allocation (malloc) failed to allocate 32744 bytes for ChunkPool::allocate
# Possible reasons:
#   The system is out of physical RAM or swap space
#   The process is running with CompressedOops enabled, and the Java Heap may be blocking the growth of the native heap
# Possible solutions:
#   Reduce memory load on the system
#   Increase physical memory or swap space
#   Check if swap backing store is full
#   Decrease Java heap size (-Xmx/-Xms)
#   Decrease number of Java threads
#   Decrease Java thread stack sizes (-Xss)
#   Set larger code cache with -XX:ReservedCodeCacheSize=
#   JVM is running with Zero Based Compressed Oops mode in which the Java heap is
#     placed in the first 32GB address space. The Java Heap base address is the
#     maximum limit for the native heap growth. Please use -XX:HeapBaseMinAddress
#     to set the Java Heap base and to place the Java Heap above 32GB virtual address.
# This output file may be truncated or incomplete.
#
#  Out of Memory Error (allocation.cpp:272), pid=27980, tid=0x0000000000004078
#
# JRE version: Java(TM) SE Runtime Environment (8.0_202-b08) (build 1.8.0_202-b08)
# Java VM: Java HotSpot(TM) 64-Bit Server VM (25.202-b08 mixed mode windows-amd64 compressed oops)
# Failed to write core dump. Minidumps are not enabled by default on client versions of Windows
#

---------------  T H R E A D  ---------------

Current thread (0x00000000033cd800):  JavaThread "main" [_thread_in_vm, id=16504, stack(0x0000000002d60000,0x0000000002e60000)]

Stack: [0x0000000002d60000,0x0000000002e60000]
[error occurred during error reporting (printing stack bounds), id 0xc0000005]

Native frames: (J=compiled Java code, j=interpreted, Vv=VM code, C=native code)

Java frames: (J=compiled Java code, j=interpreted, Vv=VM code)
j  java.lang.invoke.MethodHandleNatives.resolve(Ljava/lang/invoke/MemberName;Ljava/lang/Class;)Ljava/lang/invoke/MemberName;+0
j  java.lang.invoke.MemberName$Factory.resolve(BLjava/lang/invoke/MemberName;Ljava/lang/Class;)Ljava/lang/invoke/MemberName;+32
j  java.lang.invoke.MemberName$Factory.resolveOrFail(BLjava/lang/invoke/MemberName;Ljava/lang/Class;Ljava/lang/Class;)Ljava/lang/invoke/MemberName;+4
j  java.lang.invoke.MethodHandles$Lookup.resolveOrFail(BLjava/lang/Class;Ljava/lang/String;Ljava/lang/invoke/MethodType;)Ljava/lang/invoke/MemberName;+44
j  java.lang.invoke.MethodHandles$Lookup.findStatic(Ljava/lang/Class;Ljava/lang/String;Ljava/lang/invoke/MethodType;)Ljava/lang/invoke/MethodHandle;+6
j  java.lang.invoke.MethodHandleImpl.findCollector(Ljava/lang/String;ILjava/lang/Class;[Ljava/lang/Class;)Ljava/lang/invoke/MethodHandle;+23
j  java.lang.invoke.MethodHandleImpl.makeArrays()[Ljava/lang/invoke/MethodHandle;+20
j  java.lang.invoke.MethodHandleImpl.access$000()[Ljava/lang/invoke/MethodHandle;+0
j  java.lang.invoke.MethodHandleImpl$Lazy.<clinit>()V+5
v  ~StubRoutines::call_stub
j  java.lang.invoke.MethodHandleImpl.varargsArray(I)Ljava/lang/invoke/MethodHandle;+0
j  java.lang.invoke.MethodHandleImpl.varargsArray(Ljava/lang/Class;I)Ljava/lang/invoke/MethodHandle;+121
j  java.lang.invoke.MethodHandle.asCollector(Ljava/lang/Class;I)Ljava/lang/invoke/MethodHandle;+36
j  java.lang.invoke.MethodHandleImpl$AsVarargsCollector.<init>(Ljava/lang/invoke/MethodType;Ljava/lang/invoke/MethodHandle;Ljava/lang/Class;)V+20
j  java.lang.invoke.MethodHandleImpl$AsVarargsCollector.<init>(Ljava/lang/invoke/MethodHandle;Ljava/lang/Class;)V+7
j  java.lang.invoke.MethodHandleImpl.makeVarargsCollector(Ljava/lang/invoke/MethodHandle;Ljava/lang/Class;)Ljava/lang/invoke/MethodHandle;+43
j  java.lang.invoke.MethodHandle.setVarargs(Ljava/lang/invoke/MemberName;)Ljava/lang/invoke/MethodHandle;+26
j  java.lang.invoke.MethodHandles$Lookup.getDirectMethodCommon(BLjava/lang/Class;Ljava/lang/invoke/MemberName;ZZLjava/lang/Class;)Ljava/lang/invoke/MethodHandle;+263
j  java.lang.invoke.MethodHandles$Lookup.getDirectMethod(BLjava/lang/Class;Ljava/lang/invoke/MemberName;Ljava/lang/Class;)Ljava/lang/invoke/MethodHandle;+8
j  java.lang.invoke.MethodHandles$Lookup.findStatic(Ljava/lang/Class;Ljava/lang/String;Ljava/lang/invoke/MethodType;)Ljava/lang/invoke/MethodHandle;+23
j  java.lang.invoke.CallSite.<clinit>()V+35
v  ~StubRoutines::call_stub
j  java.lang.invoke.MethodHandleNatives.linkCallSiteImpl(Ljava/lang/Class;Ljava/lang/invoke/MethodHandle;Ljava/lang/String;Ljava/lang/invoke/MethodType;Ljava/lang/Object;[Ljava/lang/Object;)Ljava/lang/invoke/MemberName;+6
j  java.lang.invoke.MethodHandleNatives.linkCallSite(Ljava/lang/Object;Ljava/lang/Object;Ljava/lang/Object;Ljava/lang/Object;Ljava/lang/Object;[Ljava/lang/Object;)Ljava/lang/invoke/MemberName;+45
v  ~StubRoutines::call_stub
j  java.awt.GraphicsEnvironment.getHeadlessProperty()Z+6
j  java.awt.GraphicsEnvironment.isHeadless()Z+0
j  java.awt.Toolkit.<clinit>()V+47
v  ~StubRoutines::call_stub
j  java.awt.Component.<clinit>()V+93
v  ~StubRoutines::call_stub
j  mypage.MypageInfo.<init>(Lobject/User;)V+9
j  mypage.MypageInfo.main([Ljava/lang/String;)V+20
v  ~StubRoutines::call_stub

---------------  P R O C E S S  ---------------

Java Threads: ( => current thread )
  0x000000001ee3c000 JavaThread "Service Thread" daemon [_thread_blocked, id=12724, stack(0x000000001f8b0000,0x000000001f9b0000)]
  0x000000001edad000 JavaThread "C1 CompilerThread3" daemon [_thread_in_native, id=21252, stack(0x000000001f7b0000,0x000000001f8b0000)]
  0x000000001edb1800 JavaThread "C2 CompilerThread2" daemon [_thread_blocked, id=29448, stack(0x000000001f6b0000,0x000000001f7b0000)]
  0x000000001edb3000 JavaThread "C2 CompilerThread1" daemon [_thread_blocked, id=21124, stack(0x000000001f5b0000,0x000000001f6b0000)]
  0x000000001edaa000 JavaThread "C2 CompilerThread0" daemon [_thread_blocked, id=3688, stack(0x000000001f4b0000,0x000000001f5b0000)]
  0x000000001ed58000 JavaThread "Attach Listener" daemon [_thread_blocked, id=26200, stack(0x000000001f3b0000,0x000000001f4b0000)]
  0x000000001eda4800 JavaThread "Signal Dispatcher" daemon [_thread_blocked, id=24352, stack(0x000000001f2b0000,0x000000001f3b0000)]
  0x00000000032f9000 JavaThread "Finalizer" daemon [_thread_blocked, id=29316, stack(0x000000001f120000,0x000000001f220000)]
  0x00000000032f8000 JavaThread "Reference Handler" daemon [_thread_blocked, id=25116, stack(0x000000001ec20000,0x000000001ed20000)]
=>0x00000000033cd800 JavaThread "main" [_thread_in_vm, id=16504, stack(0x0000000002d60000,0x0000000002e60000)]

Other Threads:
  0x000000001ce28800 VMThread [stack: 0x000000001eb20000,0x000000001ec20000] [id=26244]
  0x000000001ee69800 WatcherThread [stack: 0x000000001f9b0000,0x000000001fab0000] [id=28756]

VM state:not at safepoint (normal execution)

VM Mutex/Monitor currently owned by a thread: None

heap address: 0x00000006c1400000, size: 4076 MB, Compressed Oops mode: Zero based, Oop shift amount: 3
Narrow klass base: 0x0000000000000000, Narrow klass shift: 3
Compressed class space size: 1073741824 Address: 0x00000007c0000000

Heap:
 PSYoungGen      total 76288K, used 3932K [0x000000076b180000, 0x0000000770680000, 0x00000007c0000000)
  eden space 65536K, 6% used [0x000000076b180000,0x000000076b557130,0x000000076f180000)
  from space 10752K, 0% used [0x000000076fc00000,0x000000076fc00000,0x0000000770680000)
  to   space 10752K, 0% used [0x000000076f180000,0x000000076f180000,0x000000076fc00000)
 ParOldGen       total 175104K, used 0K [0x00000006c1400000, 0x00000006cbf00000, 0x000000076b180000)
  object space 175104K, 0% used [0x00000006c1400000,0x00000006c1400000,0x00000006cbf00000)
 Metaspace       used 4175K, capacity 4700K, committed 4992K, reserved 1056768K
  class space    used 484K, capacity 541K, committed 640K, reserved 1048576K

Card table byte_map: [0x0000000012790000,0x0000000012f90000] byte_map_base: 0x000000000f186000

Marking Bits: (ParMarkBitMap*) 0x00000000727d5ce0
 Begin Bits: [0x0000000013ce0000, 0x0000000017c90000)
 End Bits:   [0x0000000017c90000, 0x000000001bc40000)

Polling page: 0x0000000002e60000

CodeCache: size=245760Kb used=1310Kb max_used=1310Kb free=244449Kb
 bounds [0x00000000033d0000, 0x0000000003640000, 0x00000000123d0000]
 total_blobs=425 nmethods=159 adapters=179
 compilation: enabled

Compilation events (10 events):
Event: 0.089 Thread 0x000000001edad000 nmethod 144 0x0000000003512650 code [0x00000000035127a0, 0x00000000035129b0]
Event: 0.089 Thread 0x000000001edad000  147       3       java.lang.invoke.MemberName::isConstructor (7 bytes)
Event: 0.089 Thread 0x000000001edad000 nmethod 147 0x0000000003512a90 code [0x0000000003512c00, 0x0000000003512e70]
Event: 0.089 Thread 0x000000001edad000  148       3       java.lang.invoke.InvokerBytecodeGenerator::isStaticallyNameable (116 bytes)
Event: 0.090 Thread 0x000000001edad000 nmethod 148 0x0000000003513550 code [0x00000000035138c0, 0x00000000035159f8]
Event: 0.090 Thread 0x000000001edad000  151       3       java.lang.invoke.LambdaForm$NamedFunction::methodType (23 bytes)
Event: 0.090 Thread 0x000000001edad000 nmethod 151 0x0000000003516c90 code [0x0000000003516e00, 0x0000000003517108]
Event: 0.090 Thread 0x000000001edad000  149       1       java.lang.invoke.MethodHandle::type (5 bytes)
Event: 0.090 Thread 0x000000001edad000 nmethod 149 0x0000000003517350 code [0x00000000035174a0, 0x00000000035175b0]
Event: 0.090 Thread 0x000000001edad000  155       3       jdk.internal.org.objectweb.asm.Frame::execute (2252 bytes)

GC Heap History (0 events):
No events

Deoptimization events (0 events):
No events

Classes redefined (0 events):
No events

Internal exceptions (7 events):
Event: 0.019 Thread 0x00000000033cd800 Exception <a 'java/lang/NoSuchMethodError': Method sun.misc.Unsafe.defineClass(Ljava/lang/String;[BII)Ljava/lang/Class; name or signature does not match> (0x000000076b187cb0) thrown at [C:\re\workspace\8-2-build-windows-amd64-cygwin\jdk8u202\12323\hotspot
Event: 0.019 Thread 0x00000000033cd800 Exception <a 'java/lang/NoSuchMethodError': Method sun.misc.Unsafe.prefetchRead(Ljava/lang/Object;J)V name or signature does not match> (0x000000076b187f98) thrown at [C:\re\workspace\8-2-build-windows-amd64-cygwin\jdk8u202\12323\hotspot\src\share\vm\prim
Event: 0.065 Thread 0x00000000033cd800 Exception <a 'java/security/PrivilegedActionException'> (0x000000076b253d68) thrown at [C:\re\workspace\8-2-build-windows-amd64-cygwin\jdk8u202\12323\hotspot\src\share\vm\prims\jvm.cpp, line 1502]
Event: 0.065 Thread 0x00000000033cd800 Exception <a 'java/security/PrivilegedActionException'> (0x000000076b253f78) thrown at [C:\re\workspace\8-2-build-windows-amd64-cygwin\jdk8u202\12323\hotspot\src\share\vm\prims\jvm.cpp, line 1502]
Event: 0.066 Thread 0x00000000033cd800 Exception <a 'java/security/PrivilegedActionException'> (0x000000076b257be8) thrown at [C:\re\workspace\8-2-build-windows-amd64-cygwin\jdk8u202\12323\hotspot\src\share\vm\prims\jvm.cpp, line 1502]
Event: 0.066 Thread 0x00000000033cd800 Exception <a 'java/security/PrivilegedActionException'> (0x000000076b257df8) thrown at [C:\re\workspace\8-2-build-windows-amd64-cygwin\jdk8u202\12323\hotspot\src\share\vm\prims\jvm.cpp, line 1502]
Event: 0.069 Thread 0x00000000033cd800 Exception <a 'java/io/FileNotFoundException'> (0x000000076b25abe0) thrown at [C:\re\workspace\8-2-build-windows-amd64-cygwin\jdk8u202\12323\hotspot\src\share\vm\prims\jni.cpp, line 710]

Events (10 events):
Event: 0.083 loading class java/lang/invoke/DelegatingMethodHandle
Event: 0.083 loading class java/lang/invoke/DelegatingMethodHandle done
Event: 0.083 loading class java/lang/invoke/MethodHandleImpl$AsVarargsCollector done
Event: 0.083 loading class java/lang/invoke/WrongMethodTypeException
Event: 0.083 loading class java/lang/invoke/WrongMethodTypeException done
Event: 0.084 loading class java/lang/invoke/MethodHandleImpl$Lazy
Event: 0.085 loading class java/lang/invoke/MethodHandleImpl$Lazy done
Event: 0.085 loading class java/lang/invoke/MethodHandleImpl$IntrinsicMethodHandle
Event: 0.085 loading class java/lang/invoke/MethodHandleImpl$IntrinsicMethodHandle done
Event: 0.091 loading class java/lang/NoSuchFieldError


Dynamic libraries:
0x00007ff6a3b40000 - 0x00007ff6a3b77000 	C:\Program Files\Java\jre1.8.0_202\bin\javaw.exe
0x00007ffc3ccb0000 - 0x00007ffc3cea8000 	C:\Windows\SYSTEM32\ntdll.dll
0x00007ffc3c2b0000 - 0x00007ffc3c36f000 	C:\Windows\System32\KERNEL32.DLL
0x00007ffc3a5d0000 - 0x00007ffc3a8a2000 	C:\Windows\System32\KERNELBASE.dll
0x00007ffc3aee0000 - 0x00007ffc3af8e000 	C:\Windows\System32\ADVAPI32.dll
0x00007ffc3c210000 - 0x00007ffc3c2ae000 	C:\Windows\System32\msvcrt.dll
0x00007ffc3cbc0000 - 0x00007ffc3cc5c000 	C:\Windows\System32\sechost.dll
0x00007ffc3adb0000 - 0x00007ffc3aed5000 	C:\Windows\System32\RPCRT4.dll
0x00007ffc3c7b0000 - 0x00007ffc3c951000 	C:\Windows\System32\USER32.dll
0x00007ffc3a5a0000 - 0x00007ffc3a5c2000 	C:\Windows\System32\win32u.dll
0x00007ffc3b9e0000 - 0x00007ffc3ba0b000 	C:\Windows\System32\GDI32.dll
0x00007ffc3a8b0000 - 0x00007ffc3a9bf000 	C:\Windows\System32\gdi32full.dll
0x00007ffc3a3a0000 - 0x00007ffc3a43d000 	C:\Windows\System32\msvcp_win.dll
0x00007ffc3abf0000 - 0x00007ffc3acf0000 	C:\Windows\System32\ucrtbase.dll
0x00007ffc192c0000 - 0x00007ffc1955a000 	C:\Windows\WinSxS\amd64_microsoft.windows.common-controls_6595b64144ccf1df_6.0.19041.1110_none_60b5254171f9507e\COMCTL32.dll
0x00007ffc3b4e0000 - 0x00007ffc3b512000 	C:\Windows\System32\IMM32.DLL
0x0000000071df0000 - 0x0000000071ec2000 	C:\Program Files\Java\jre1.8.0_202\bin\msvcr100.dll
0x0000000071fb0000 - 0x0000000072855000 	C:\Program Files\Java\jre1.8.0_202\bin\server\jvm.dll
0x00007ffc3b400000 - 0x00007ffc3b408000 	C:\Windows\System32\PSAPI.DLL
0x00007ffc2c600000 - 0x00007ffc2c609000 	C:\Windows\SYSTEM32\WSOCK32.dll
0x00007ffc1dd90000 - 0x00007ffc1ddb7000 	C:\Windows\SYSTEM32\WINMM.dll
0x00007ffc35560000 - 0x00007ffc3556a000 	C:\Windows\SYSTEM32\VERSION.dll
0x00007ffc3b520000 - 0x00007ffc3b58b000 	C:\Windows\System32\WS2_32.dll
0x00007ffc2c590000 - 0x00007ffc2c59f000 	C:\Program Files\Java\jre1.8.0_202\bin\verify.dll
0x00007ffbf5980000 - 0x00007ffbf59a9000 	C:\Program Files\Java\jre1.8.0_202\bin\java.dll
0x00007ffc22730000 - 0x00007ffc22746000 	C:\Program Files\Java\jre1.8.0_202\bin\zip.dll
0x00007ffc3ba30000 - 0x00007ffc3c174000 	C:\Windows\System32\SHELL32.dll
0x00007ffc38480000 - 0x00007ffc38c12000 	C:\Windows\SYSTEM32\windows.storage.dll
0x00007ffc3c450000 - 0x00007ffc3c7a5000 	C:\Windows\System32\combase.dll
0x00007ffc39d20000 - 0x00007ffc39d50000 	C:\Windows\SYSTEM32\Wldp.dll
0x00007ffc3cb10000 - 0x00007ffc3cbbd000 	C:\Windows\System32\SHCORE.dll
0x00007ffc3acf0000 - 0x00007ffc3ad45000 	C:\Windows\System32\shlwapi.dll
0x00007ffc3a2e0000 - 0x00007ffc3a2ff000 	C:\Windows\SYSTEM32\profapi.dll
0x00007ffbd9c80000 - 0x00007ffbd9e19000 	C:\Program Files\Java\jre1.8.0_202\bin\awt.dll
0x00007ffc3b410000 - 0x00007ffc3b4dd000 	C:\Windows\System32\OLEAUT32.dll
0x00007ffc37c80000 - 0x00007ffc37d11000 	C:\Windows\SYSTEM32\apphelp.dll

VM Arguments:
jvm_args: -Dfile.encoding=UTF-8 
java_command: mypage.MypageInfo
java_class_path (initial): C:\Users\GGG\git\QnAProject\bin;D:\eunjin\workspace\Dbutil\bin;D:\eunjin\mysql-connector-j-8.0.31\mysql-connector-j-8.0.31.jar
Launcher Type: SUN_STANDARD

Environment Variables:
JAVA_HOME=C:\Program Files\Java\jdk1.8.0_202
PATH=C:/Program Files/Java/jre1.8.0_202/bin/server;C:/Program Files/Java/jre1.8.0_202/bin;C:/Program Files/Java/jre1.8.0_202/lib/amd64;C:\Program Files (x86)\Common Files\Oracle\Java\javapath;C:\Program Files (x86)\Common Files\Intel\Shared Libraries\redist\intel64\compiler;C:\Windows\system32;C:\Windows;C:\Windows\System32\Wbem;C:\Windows\System32\WindowsPowerShell\v1.0\;C:\Windows\System32\OpenSSH\;C:\Program Files\Java\jdk1.8.0_202\bin;C:\Program Files\MySQL\MySQL Shell 8.0\bin\;C:\Users\GGG\AppData\Local\Microsoft\WindowsApps;;D:\eunjin\eclipse;
USERNAME=GGG
OS=Windows_NT
PROCESSOR_IDENTIFIER=Intel64 Family 6 Model 158 Stepping 13, GenuineIntel



---------------  S Y S T E M  ---------------

OS: Windows 10.0 , 64 bit Build 19041 (10.0.19041.2364)

CPU:total 8 (initial active 8) (8 cores per cpu, 1 threads per core) family 6 model 158 stepping 13, cmov, cx8, fxsr, mmx, sse, sse2, sse3, ssse3, sse4.1, sse4.2, popcnt, avx, avx2, aes, clmul, erms, rtm, 3dnowpref, lzcnt, tsc, tscinvbit, bmi1, bmi2, adx

Memory: 4k page, physical 16691356k(5824552k free), swap 56013324k(5124k free)

vm_info: Java HotSpot(TM) 64-Bit Server VM (25.202-b08) for windows-amd64 JRE (1.8.0_202-b08), built on Dec 15 2018 19:54:30 by "java_re" with MS VC++ 10.0 (VS2010)

time: Fri Jan 06 14:22:55 2023
timezone: 대한민국 표준시
elapsed time: 0 seconds (0d 0h 0m 0s)

